<?xml version="1.0" encoding="UTF-8"?>
<!-- Generated by org.testng.reporters.JUnitXMLReporter -->
<testsuite ignored="0" hostname="DESKTOP-MCRAO25" failures="0" tests="4" name="Surefire test" time="25.84" errors="0" timestamp="2024-01-01T20:04:16 GMT-05:00">
  <testcase classname="testBase.BaseClass" name="@BeforeClass setup" time="-1.704157456181E9">
    <failure type="org.testng.TestNGException" message="
Parameter &amp;apos;browser&amp;apos; is required by BeforeClass on method setup but has not been marked @Optional or defined
">
      <![CDATA[org.testng.TestNGException: 
Parameter 'browser' is required by BeforeClass on method setup but has not been marked @Optional or defined

at java.base/java.util.ArrayList.forEach(ArrayList.java:1511)
... Removed 27 stack frames]]>
    </failure>
  </testcase> <!-- @BeforeClass setup -->
  <testcase classname="testBase.BaseClass" name="@AfterClass tearDown" time="0.0">
    <skipped/>
  </testcase> <!-- @AfterClass tearDown -->
  <testcase classname="day39.LoginTest" name="testLogo" time="0.071"/>
  <testcase classname="day39.LoginTest" name="testLogin" time="1.223"/>
  <testcase classname="OrangeHRMLoginTestTest" name="mainTest" time="15.793"/>
  <testcase classname="testCases.ContactTest" name="test_login" time="0.0">
    <skipped/>
  </testcase> <!-- test_login -->
</testsuite> <!-- Surefire test -->
