<?xml version="1.0" encoding="UTF-8"?>
<!-- Generated by org.testng.reporters.JUnitXMLReporter -->
<testsuite ignored="0" hostname="DESKTOP-MCRAO25" failures="1" tests="1" name="Chrometest2" time="3.494" errors="0" timestamp="2024-01-01T22:46:32 GMT-05:00">
  <testcase classname="testCases.ContactTest" name="ContactTest" time="0.007">
    <failure type="java.lang.AssertionError" message="null">
      <![CDATA[java.lang.AssertionError: null
at testCases.ContactTest.ContactTest(ContactTest.java:34)
at java.base/java.util.ArrayList.forEach(ArrayList.java:1511)
... Removed 29 stack frames]]>
    </failure>
  </testcase> <!-- ContactTest -->
</testsuite> <!-- Chrometest2 -->
