<?xml version="1.0" encoding="UTF-8"?>
<!-- Generated by org.testng.reporters.JUnitXMLReporter -->
<testsuite ignored="0" hostname="DESKTOP-MCRAO25" failures="1" tests="1" name="Chrometest2" time="8.447" errors="0" timestamp="2024-01-01T22:07:23 GMT-05:00">
  <testcase classname="testCases.ContactTest" name="ContactFormTest" time="5.012">
    <failure type="java.lang.AssertionError" message="null">
      <![CDATA[java.lang.AssertionError: null
at testCases.ContactTest.ContactFormTest(ContactTest.java:35)
at java.base/java.util.ArrayList.forEach(ArrayList.java:1511)
... Removed 33 stack frames]]>
    </failure>
  </testcase> <!-- ContactFormTest -->
</testsuite> <!-- Chrometest2 -->
